2025-12-15T19:36:05.798+01:00  INFO 319519 --- [Historique_oeuvres] [main] c.h.c.movie.MovieControllerTest          : Starting MovieControllerTest using Java 21.0.4 with PID 319519 (started by nathanb in /home/nathanb/Bureau/Bureau/Bureau/Perso/projets_développement_informatique/Historique_oeuvres)
2025-12-15T19:36:05.804+01:00  INFO 319519 --- [Historique_oeuvres] [main] c.h.c.movie.MovieControllerTest          : No active profile set, falling back to 1 default profile: "default"
2025-12-15T19:36:07.790+01:00  INFO 319519 --- [Historique_oeuvres] [main] .s.d.r.c.RepositoryConfigurationDelegate : Bootstrapping Spring Data JPA repositories in DEFAULT mode.
2025-12-15T19:36:08.471+01:00  INFO 319519 --- [Historique_oeuvres] [main] .s.d.r.c.RepositoryConfigurationDelegate : Finished Spring Data repository scanning in 674 ms. Found 8 JPA repository interfaces.
2025-12-15T19:36:10.355+01:00  INFO 319519 --- [Historique_oeuvres] [main] o.hibernate.jpa.internal.util.LogHelper  : HHH000204: Processing PersistenceUnitInfo [name: default]
2025-12-15T19:36:10.401+01:00  INFO 319519 --- [Historique_oeuvres] [main] org.hibernate.Version                    : HHH000412: Hibernate ORM core version 6.5.2.Final
2025-12-15T19:36:10.429+01:00  INFO 319519 --- [Historique_oeuvres] [main] o.h.c.internal.RegionFactoryInitiator    : HHH000026: Second-level cache disabled
2025-12-15T19:36:10.526+01:00  INFO 319519 --- [Historique_oeuvres] [main] o.s.o.j.p.SpringPersistenceUnitInfo      : No LoadTimeWeaver setup: ignoring JPA class transformer
2025-12-15T19:36:10.548+01:00  INFO 319519 --- [Historique_oeuvres] [main] com.zaxxer.hikari.HikariDataSource       : HikariPool-1 - Starting...
2025-12-15T19:36:10.855+01:00  INFO 319519 --- [Historique_oeuvres] [main] com.zaxxer.hikari.pool.HikariPool        : HikariPool-1 - Added connection conn0: url=jdbc:h2:tcp://localhost/~/historyDB user=SA
2025-12-15T19:36:10.857+01:00  INFO 319519 --- [Historique_oeuvres] [main] com.zaxxer.hikari.HikariDataSource       : HikariPool-1 - Start completed.
2025-12-15T19:36:11.753+01:00  INFO 319519 --- [Historique_oeuvres] [main] o.h.m.internal.PojoInstantiatorImpl      : HHH000182: No default (no-argument) constructor for class: nate.company.history_work.siteTools.reaction.ReactionChoices (class must be instantiated by Interceptor)
2025-12-15T19:36:11.757+01:00  INFO 319519 --- [Historique_oeuvres] [main] o.h.m.internal.PojoInstantiatorImpl      : HHH000182: No default (no-argument) constructor for class: nate.company.history_work.siteTools.reaction.ReactionChoices (class must be instantiated by Interceptor)
2025-12-15T19:36:11.903+01:00  INFO 319519 --- [Historique_oeuvres] [main] o.h.e.t.j.p.i.JtaPlatformInitiator       : HHH000489: No JTA platform available (set 'hibernate.transaction.jta.platform' to enable JTA platform integration)
2025-12-15T19:36:12.014+01:00  INFO 319519 --- [Historique_oeuvres] [main] j.LocalContainerEntityManagerFactoryBean : Initialized JPA EntityManagerFactory for persistence unit 'default'
2025-12-15T19:36:12.377+01:00  INFO 319519 --- [Historique_oeuvres] [main] o.s.d.j.r.query.QueryEnhancerFactory     : Hibernate is in classpath; If applicable, HQL parser will be used.
2025-12-15T19:36:12.891+01:00  WARN 319519 --- [Historique_oeuvres] [main] JpaBaseConfiguration$JpaWebConfiguration : spring.jpa.open-in-view is enabled by default. Therefore, database queries may be performed during view rendering. Explicitly configure spring.jpa.open-in-view to disable this warning
2025-12-15T19:36:12.909+01:00  WARN 319519 --- [Historique_oeuvres] [main] r$InitializeUserDetailsManagerConfigurer : Found 2 UserDetailsService beans, with names [myUserDetailsService, userDetailsService]. Global Authentication Manager will not use a UserDetailsService for username/password login. Consider publishing a single UserDetailsService bean.
2025-12-15T19:36:13.966+01:00  INFO 319519 --- [Historique_oeuvres] [main] o.s.b.a.h2.H2ConsoleAutoConfiguration    : H2 console available at '/h2-console'. Database available at 'jdbc:h2:tcp://localhost/~/historyDB'
2025-12-15T19:36:14.041+01:00  INFO 319519 --- [Historique_oeuvres] [main] o.s.b.t.m.w.SpringBootMockServletContext : Initializing Spring TestDispatcherServlet ''
2025-12-15T19:36:14.042+01:00  INFO 319519 --- [Historique_oeuvres] [main] o.s.t.web.servlet.TestDispatcherServlet  : Initializing Servlet ''
2025-12-15T19:36:14.044+01:00  INFO 319519 --- [Historique_oeuvres] [main] o.s.t.web.servlet.TestDispatcherServlet  : Completed initialization in 2 ms
2025-12-15T19:36:14.073+01:00  INFO 319519 --- [Historique_oeuvres] [main] c.h.c.movie.MovieControllerTest          : Started MovieControllerTest in 8.652 seconds (process running for 9.482)
2025-12-15T19:36:26.702+01:00  INFO 319519 --- [Historique_oeuvres] [main] java.lang.Class                          : l'actuel user connecté est : jeanPP
2025-12-15T19:36:26.704+01:00  INFO 319519 --- [Historique_oeuvres] [main] java.lang.Class                          : le user a bien été trouvé, on renvoie ses films trouvés en bdd
2025-12-15T19:36:26.708+01:00  INFO 319519 --- [Historique_oeuvres] [main] java.lang.Class                          : les films du user trouvés sont : []
2025-12-15T19:36:26.772+01:00  INFO 319519 --- [Historique_oeuvres] [SpringApplicationShutdownHook] j.LocalContainerEntityManagerFactoryBean : Closing JPA EntityManagerFactory for persistence unit 'default'
2025-12-15T19:36:26.780+01:00  INFO 319519 --- [Historique_oeuvres] [SpringApplicationShutdownHook] com.zaxxer.hikari.HikariDataSource       : HikariPool-1 - Shutdown initiated...
2025-12-15T19:36:26.796+01:00  INFO 319519 --- [Historique_oeuvres] [SpringApplicationShutdownHook] com.zaxxer.hikari.HikariDataSource       : HikariPool-1 - Shutdown completed.
2025-12-15T19:37:38.488+01:00  INFO 320820 --- [Historique_oeuvres] [main] c.h.c.movie.MovieControllerTest          : Starting MovieControllerTest using Java 21.0.4 with PID 320820 (started by nathanb in /home/nathanb/Bureau/Bureau/Bureau/Perso/projets_développement_informatique/Historique_oeuvres)
2025-12-15T19:37:38.496+01:00  INFO 320820 --- [Historique_oeuvres] [main] c.h.c.movie.MovieControllerTest          : No active profile set, falling back to 1 default profile: "default"
2025-12-15T19:37:41.171+01:00  INFO 320820 --- [Historique_oeuvres] [main] .s.d.r.c.RepositoryConfigurationDelegate : Bootstrapping Spring Data JPA repositories in DEFAULT mode.
2025-12-15T19:37:41.817+01:00  INFO 320820 --- [Historique_oeuvres] [main] .s.d.r.c.RepositoryConfigurationDelegate : Finished Spring Data repository scanning in 638 ms. Found 8 JPA repository interfaces.
2025-12-15T19:37:42.725+01:00  INFO 320820 --- [Historique_oeuvres] [main] o.hibernate.jpa.internal.util.LogHelper  : HHH000204: Processing PersistenceUnitInfo [name: default]
2025-12-15T19:37:42.776+01:00  INFO 320820 --- [Historique_oeuvres] [main] org.hibernate.Version                    : HHH000412: Hibernate ORM core version 6.5.2.Final
2025-12-15T19:37:42.806+01:00  INFO 320820 --- [Historique_oeuvres] [main] o.h.c.internal.RegionFactoryInitiator    : HHH000026: Second-level cache disabled
2025-12-15T19:37:43.517+01:00  INFO 320820 --- [Historique_oeuvres] [main] o.s.o.j.p.SpringPersistenceUnitInfo      : No LoadTimeWeaver setup: ignoring JPA class transformer
2025-12-15T19:37:43.549+01:00  INFO 320820 --- [Historique_oeuvres] [main] com.zaxxer.hikari.HikariDataSource       : HikariPool-1 - Starting...
2025-12-15T19:37:43.634+01:00  INFO 320820 --- [Historique_oeuvres] [main] com.zaxxer.hikari.pool.HikariPool        : HikariPool-1 - Added connection conn0: url=jdbc:h2:tcp://localhost/~/historyDB user=SA
2025-12-15T19:37:43.636+01:00  INFO 320820 --- [Historique_oeuvres] [main] com.zaxxer.hikari.HikariDataSource       : HikariPool-1 - Start completed.
2025-12-15T19:37:44.718+01:00  INFO 320820 --- [Historique_oeuvres] [main] o.h.m.internal.PojoInstantiatorImpl      : HHH000182: No default (no-argument) constructor for class: nate.company.history_work.siteTools.reaction.ReactionChoices (class must be instantiated by Interceptor)
2025-12-15T19:37:44.747+01:00  INFO 320820 --- [Historique_oeuvres] [main] o.h.m.internal.PojoInstantiatorImpl      : HHH000182: No default (no-argument) constructor for class: nate.company.history_work.siteTools.reaction.ReactionChoices (class must be instantiated by Interceptor)
2025-12-15T19:37:44.929+01:00  INFO 320820 --- [Historique_oeuvres] [main] o.h.e.t.j.p.i.JtaPlatformInitiator       : HHH000489: No JTA platform available (set 'hibernate.transaction.jta.platform' to enable JTA platform integration)
2025-12-15T19:37:45.072+01:00  INFO 320820 --- [Historique_oeuvres] [main] j.LocalContainerEntityManagerFactoryBean : Initialized JPA EntityManagerFactory for persistence unit 'default'
2025-12-15T19:37:45.421+01:00  INFO 320820 --- [Historique_oeuvres] [main] o.s.d.j.r.query.QueryEnhancerFactory     : Hibernate is in classpath; If applicable, HQL parser will be used.
2025-12-15T19:37:46.029+01:00  WARN 320820 --- [Historique_oeuvres] [main] JpaBaseConfiguration$JpaWebConfiguration : spring.jpa.open-in-view is enabled by default. Therefore, database queries may be performed during view rendering. Explicitly configure spring.jpa.open-in-view to disable this warning
2025-12-15T19:37:46.046+01:00  WARN 320820 --- [Historique_oeuvres] [main] r$InitializeUserDetailsManagerConfigurer : Found 2 UserDetailsService beans, with names [myUserDetailsService, userDetailsService]. Global Authentication Manager will not use a UserDetailsService for username/password login. Consider publishing a single UserDetailsService bean.
2025-12-15T19:37:47.009+01:00  INFO 320820 --- [Historique_oeuvres] [main] o.s.b.a.h2.H2ConsoleAutoConfiguration    : H2 console available at '/h2-console'. Database available at 'jdbc:h2:tcp://localhost/~/historyDB'
2025-12-15T19:37:47.103+01:00  INFO 320820 --- [Historique_oeuvres] [main] o.s.b.t.m.w.SpringBootMockServletContext : Initializing Spring TestDispatcherServlet ''
2025-12-15T19:37:47.103+01:00  INFO 320820 --- [Historique_oeuvres] [main] o.s.t.web.servlet.TestDispatcherServlet  : Initializing Servlet ''
2025-12-15T19:37:47.105+01:00  INFO 320820 --- [Historique_oeuvres] [main] o.s.t.web.servlet.TestDispatcherServlet  : Completed initialization in 2 ms
2025-12-15T19:37:47.136+01:00  INFO 320820 --- [Historique_oeuvres] [main] c.h.c.movie.MovieControllerTest          : Started MovieControllerTest in 8.926 seconds (process running for 9.732)
2025-12-15T19:37:51.970+01:00  INFO 320820 --- [Historique_oeuvres] [SpringApplicationShutdownHook] j.LocalContainerEntityManagerFactoryBean : Closing JPA EntityManagerFactory for persistence unit 'default'
2025-12-15T19:37:51.988+01:00  INFO 320820 --- [Historique_oeuvres] [SpringApplicationShutdownHook] com.zaxxer.hikari.HikariDataSource       : HikariPool-1 - Shutdown initiated...
2025-12-15T19:37:51.995+01:00  INFO 320820 --- [Historique_oeuvres] [SpringApplicationShutdownHook] com.zaxxer.hikari.HikariDataSource       : HikariPool-1 - Shutdown completed.
2025-12-15T19:39:23.551+01:00  INFO 322181 --- [Historique_oeuvres] [main] c.h.c.movie.MovieControllerTest          : Starting MovieControllerTest using Java 21.0.4 with PID 322181 (started by nathanb in /home/nathanb/Bureau/Bureau/Bureau/Perso/projets_développement_informatique/Historique_oeuvres)
2025-12-15T19:39:23.557+01:00  INFO 322181 --- [Historique_oeuvres] [main] c.h.c.movie.MovieControllerTest          : No active profile set, falling back to 1 default profile: "default"
2025-12-15T19:39:28.406+01:00  INFO 322181 --- [Historique_oeuvres] [main] .s.d.r.c.RepositoryConfigurationDelegate : Bootstrapping Spring Data JPA repositories in DEFAULT mode.
2025-12-15T19:39:29.208+01:00  INFO 322181 --- [Historique_oeuvres] [main] .s.d.r.c.RepositoryConfigurationDelegate : Finished Spring Data repository scanning in 794 ms. Found 8 JPA repository interfaces.
2025-12-15T19:39:30.132+01:00  INFO 322181 --- [Historique_oeuvres] [main] o.hibernate.jpa.internal.util.LogHelper  : HHH000204: Processing PersistenceUnitInfo [name: default]
2025-12-15T19:39:30.190+01:00  INFO 322181 --- [Historique_oeuvres] [main] org.hibernate.Version                    : HHH000412: Hibernate ORM core version 6.5.2.Final
2025-12-15T19:39:30.226+01:00  INFO 322181 --- [Historique_oeuvres] [main] o.h.c.internal.RegionFactoryInitiator    : HHH000026: Second-level cache disabled
2025-12-15T19:39:30.885+01:00  INFO 322181 --- [Historique_oeuvres] [main] o.s.o.j.p.SpringPersistenceUnitInfo      : No LoadTimeWeaver setup: ignoring JPA class transformer
2025-12-15T19:39:30.932+01:00  INFO 322181 --- [Historique_oeuvres] [main] com.zaxxer.hikari.HikariDataSource       : HikariPool-1 - Starting...
2025-12-15T19:39:32.920+01:00  INFO 322181 --- [Historique_oeuvres] [main] com.zaxxer.hikari.pool.HikariPool        : HikariPool-1 - Added connection conn0: url=jdbc:h2:tcp://localhost/~/historyDB user=SA
2025-12-15T19:39:32.923+01:00  INFO 322181 --- [Historique_oeuvres] [main] com.zaxxer.hikari.HikariDataSource       : HikariPool-1 - Start completed.
2025-12-15T19:39:33.718+01:00  INFO 322181 --- [Historique_oeuvres] [main] o.h.m.internal.PojoInstantiatorImpl      : HHH000182: No default (no-argument) constructor for class: nate.company.history_work.siteTools.reaction.ReactionChoices (class must be instantiated by Interceptor)
2025-12-15T19:39:33.722+01:00  INFO 322181 --- [Historique_oeuvres] [main] o.h.m.internal.PojoInstantiatorImpl      : HHH000182: No default (no-argument) constructor for class: nate.company.history_work.siteTools.reaction.ReactionChoices (class must be instantiated by Interceptor)
2025-12-15T19:39:33.845+01:00  INFO 322181 --- [Historique_oeuvres] [main] o.h.e.t.j.p.i.JtaPlatformInitiator       : HHH000489: No JTA platform available (set 'hibernate.transaction.jta.platform' to enable JTA platform integration)
2025-12-15T19:39:33.945+01:00  INFO 322181 --- [Historique_oeuvres] [main] j.LocalContainerEntityManagerFactoryBean : Initialized JPA EntityManagerFactory for persistence unit 'default'
2025-12-15T19:39:34.257+01:00  INFO 322181 --- [Historique_oeuvres] [main] o.s.d.j.r.query.QueryEnhancerFactory     : Hibernate is in classpath; If applicable, HQL parser will be used.
2025-12-15T19:39:34.763+01:00  WARN 322181 --- [Historique_oeuvres] [main] JpaBaseConfiguration$JpaWebConfiguration : spring.jpa.open-in-view is enabled by default. Therefore, database queries may be performed during view rendering. Explicitly configure spring.jpa.open-in-view to disable this warning
2025-12-15T19:39:34.779+01:00  WARN 322181 --- [Historique_oeuvres] [main] r$InitializeUserDetailsManagerConfigurer : Found 2 UserDetailsService beans, with names [myUserDetailsService, userDetailsService]. Global Authentication Manager will not use a UserDetailsService for username/password login. Consider publishing a single UserDetailsService bean.
2025-12-15T19:39:35.722+01:00  INFO 322181 --- [Historique_oeuvres] [main] o.s.b.a.h2.H2ConsoleAutoConfiguration    : H2 console available at '/h2-console'. Database available at 'jdbc:h2:tcp://localhost/~/historyDB'
2025-12-15T19:39:35.791+01:00  INFO 322181 --- [Historique_oeuvres] [main] o.s.b.t.m.w.SpringBootMockServletContext : Initializing Spring TestDispatcherServlet ''
2025-12-15T19:39:35.792+01:00  INFO 322181 --- [Historique_oeuvres] [main] o.s.t.web.servlet.TestDispatcherServlet  : Initializing Servlet ''
2025-12-15T19:39:35.793+01:00  INFO 322181 --- [Historique_oeuvres] [main] o.s.t.web.servlet.TestDispatcherServlet  : Completed initialization in 1 ms
2025-12-15T19:39:35.824+01:00  INFO 322181 --- [Historique_oeuvres] [main] c.h.c.movie.MovieControllerTest          : Started MovieControllerTest in 12.61 seconds (process running for 13.486)
2025-12-15T19:39:40.425+01:00  INFO 322181 --- [Historique_oeuvres] [SpringApplicationShutdownHook] j.LocalContainerEntityManagerFactoryBean : Closing JPA EntityManagerFactory for persistence unit 'default'
2025-12-15T19:39:40.434+01:00  INFO 322181 --- [Historique_oeuvres] [SpringApplicationShutdownHook] com.zaxxer.hikari.HikariDataSource       : HikariPool-1 - Shutdown initiated...
2025-12-15T19:39:40.439+01:00  INFO 322181 --- [Historique_oeuvres] [SpringApplicationShutdownHook] com.zaxxer.hikari.HikariDataSource       : HikariPool-1 - Shutdown completed.
2025-12-15T19:40:54.035+01:00  INFO 323382 --- [Historique_oeuvres] [main] c.h.c.movie.MovieControllerTest          : Starting MovieControllerTest using Java 21.0.4 with PID 323382 (started by nathanb in /home/nathanb/Bureau/Bureau/Bureau/Perso/projets_développement_informatique/Historique_oeuvres)
2025-12-15T19:40:54.038+01:00  INFO 323382 --- [Historique_oeuvres] [main] c.h.c.movie.MovieControllerTest          : No active profile set, falling back to 1 default profile: "default"
2025-12-15T19:40:56.652+01:00  INFO 323382 --- [Historique_oeuvres] [main] .s.d.r.c.RepositoryConfigurationDelegate : Bootstrapping Spring Data JPA repositories in DEFAULT mode.
2025-12-15T19:40:57.368+01:00  INFO 323382 --- [Historique_oeuvres] [main] .s.d.r.c.RepositoryConfigurationDelegate : Finished Spring Data repository scanning in 710 ms. Found 8 JPA repository interfaces.
2025-12-15T19:40:58.285+01:00  INFO 323382 --- [Historique_oeuvres] [main] o.hibernate.jpa.internal.util.LogHelper  : HHH000204: Processing PersistenceUnitInfo [name: default]
2025-12-15T19:40:58.328+01:00  INFO 323382 --- [Historique_oeuvres] [main] org.hibernate.Version                    : HHH000412: Hibernate ORM core version 6.5.2.Final
2025-12-15T19:40:58.352+01:00  INFO 323382 --- [Historique_oeuvres] [main] o.h.c.internal.RegionFactoryInitiator    : HHH000026: Second-level cache disabled
2025-12-15T19:40:58.662+01:00  INFO 323382 --- [Historique_oeuvres] [main] o.s.o.j.p.SpringPersistenceUnitInfo      : No LoadTimeWeaver setup: ignoring JPA class transformer
2025-12-15T19:40:58.683+01:00  INFO 323382 --- [Historique_oeuvres] [main] com.zaxxer.hikari.HikariDataSource       : HikariPool-1 - Starting...
2025-12-15T19:40:58.753+01:00  INFO 323382 --- [Historique_oeuvres] [main] com.zaxxer.hikari.pool.HikariPool        : HikariPool-1 - Added connection conn0: url=jdbc:h2:tcp://localhost/~/historyDB user=SA
2025-12-15T19:40:58.755+01:00  INFO 323382 --- [Historique_oeuvres] [main] com.zaxxer.hikari.HikariDataSource       : HikariPool-1 - Start completed.
2025-12-15T19:40:59.721+01:00  INFO 323382 --- [Historique_oeuvres] [main] o.h.m.internal.PojoInstantiatorImpl      : HHH000182: No default (no-argument) constructor for class: nate.company.history_work.siteTools.reaction.ReactionChoices (class must be instantiated by Interceptor)
2025-12-15T19:40:59.727+01:00  INFO 323382 --- [Historique_oeuvres] [main] o.h.m.internal.PojoInstantiatorImpl      : HHH000182: No default (no-argument) constructor for class: nate.company.history_work.siteTools.reaction.ReactionChoices (class must be instantiated by Interceptor)
2025-12-15T19:40:59.864+01:00  INFO 323382 --- [Historique_oeuvres] [main] o.h.e.t.j.p.i.JtaPlatformInitiator       : HHH000489: No JTA platform available (set 'hibernate.transaction.jta.platform' to enable JTA platform integration)
2025-12-15T19:40:59.909+01:00  INFO 323382 --- [Historique_oeuvres] [main] j.LocalContainerEntityManagerFactoryBean : Initialized JPA EntityManagerFactory for persistence unit 'default'
2025-12-15T19:41:00.286+01:00  INFO 323382 --- [Historique_oeuvres] [main] o.s.d.j.r.query.QueryEnhancerFactory     : Hibernate is in classpath; If applicable, HQL parser will be used.
2025-12-15T19:41:00.965+01:00  WARN 323382 --- [Historique_oeuvres] [main] JpaBaseConfiguration$JpaWebConfiguration : spring.jpa.open-in-view is enabled by default. Therefore, database queries may be performed during view rendering. Explicitly configure spring.jpa.open-in-view to disable this warning
2025-12-15T19:41:00.981+01:00  WARN 323382 --- [Historique_oeuvres] [main] r$InitializeUserDetailsManagerConfigurer : Found 2 UserDetailsService beans, with names [myUserDetailsService, userDetailsService]. Global Authentication Manager will not use a UserDetailsService for username/password login. Consider publishing a single UserDetailsService bean.
2025-12-15T19:41:01.854+01:00  INFO 323382 --- [Historique_oeuvres] [main] o.s.b.a.h2.H2ConsoleAutoConfiguration    : H2 console available at '/h2-console'. Database available at 'jdbc:h2:tcp://localhost/~/historyDB'
2025-12-15T19:41:01.930+01:00  INFO 323382 --- [Historique_oeuvres] [main] o.s.b.t.m.w.SpringBootMockServletContext : Initializing Spring TestDispatcherServlet ''
2025-12-15T19:41:01.931+01:00  INFO 323382 --- [Historique_oeuvres] [main] o.s.t.web.servlet.TestDispatcherServlet  : Initializing Servlet ''
2025-12-15T19:41:01.932+01:00  INFO 323382 --- [Historique_oeuvres] [main] o.s.t.web.servlet.TestDispatcherServlet  : Completed initialization in 1 ms
2025-12-15T19:41:01.960+01:00  INFO 323382 --- [Historique_oeuvres] [main] c.h.c.movie.MovieControllerTest          : Started MovieControllerTest in 8.223 seconds (process running for 9.323)
2025-12-15T19:41:06.766+01:00  INFO 323382 --- [Historique_oeuvres] [SpringApplicationShutdownHook] j.LocalContainerEntityManagerFactoryBean : Closing JPA EntityManagerFactory for persistence unit 'default'
2025-12-15T19:41:06.773+01:00  INFO 323382 --- [Historique_oeuvres] [SpringApplicationShutdownHook] com.zaxxer.hikari.HikariDataSource       : HikariPool-1 - Shutdown initiated...
2025-12-15T19:41:06.778+01:00  INFO 323382 --- [Historique_oeuvres] [SpringApplicationShutdownHook] com.zaxxer.hikari.HikariDataSource       : HikariPool-1 - Shutdown completed.
2025-12-15T19:42:23.825+01:00  INFO 324494 --- [Historique_oeuvres] [main] c.h.c.movie.MovieControllerTest          : Starting MovieControllerTest using Java 21.0.4 with PID 324494 (started by nathanb in /home/nathanb/Bureau/Bureau/Bureau/Perso/projets_développement_informatique/Historique_oeuvres)
2025-12-15T19:42:23.827+01:00  INFO 324494 --- [Historique_oeuvres] [main] c.h.c.movie.MovieControllerTest          : No active profile set, falling back to 1 default profile: "default"
2025-12-15T19:42:25.741+01:00  INFO 324494 --- [Historique_oeuvres] [main] .s.d.r.c.RepositoryConfigurationDelegate : Bootstrapping Spring Data JPA repositories in DEFAULT mode.
2025-12-15T19:42:26.503+01:00  INFO 324494 --- [Historique_oeuvres] [main] .s.d.r.c.RepositoryConfigurationDelegate : Finished Spring Data repository scanning in 741 ms. Found 8 JPA repository interfaces.
2025-12-15T19:42:27.349+01:00  INFO 324494 --- [Historique_oeuvres] [main] o.hibernate.jpa.internal.util.LogHelper  : HHH000204: Processing PersistenceUnitInfo [name: default]
2025-12-15T19:42:27.400+01:00  INFO 324494 --- [Historique_oeuvres] [main] org.hibernate.Version                    : HHH000412: Hibernate ORM core version 6.5.2.Final
2025-12-15T19:42:27.431+01:00  INFO 324494 --- [Historique_oeuvres] [main] o.h.c.internal.RegionFactoryInitiator    : HHH000026: Second-level cache disabled
2025-12-15T19:42:27.696+01:00  INFO 324494 --- [Historique_oeuvres] [main] o.s.o.j.p.SpringPersistenceUnitInfo      : No LoadTimeWeaver setup: ignoring JPA class transformer
2025-12-15T19:42:27.717+01:00  INFO 324494 --- [Historique_oeuvres] [main] com.zaxxer.hikari.HikariDataSource       : HikariPool-1 - Starting...
2025-12-15T19:42:27.785+01:00  INFO 324494 --- [Historique_oeuvres] [main] com.zaxxer.hikari.pool.HikariPool        : HikariPool-1 - Added connection conn0: url=jdbc:h2:tcp://localhost/~/historyDB user=SA
2025-12-15T19:42:27.786+01:00  INFO 324494 --- [Historique_oeuvres] [main] com.zaxxer.hikari.HikariDataSource       : HikariPool-1 - Start completed.
2025-12-15T19:42:28.621+01:00  INFO 324494 --- [Historique_oeuvres] [main] o.h.m.internal.PojoInstantiatorImpl      : HHH000182: No default (no-argument) constructor for class: nate.company.history_work.siteTools.reaction.ReactionChoices (class must be instantiated by Interceptor)
2025-12-15T19:42:28.627+01:00  INFO 324494 --- [Historique_oeuvres] [main] o.h.m.internal.PojoInstantiatorImpl      : HHH000182: No default (no-argument) constructor for class: nate.company.history_work.siteTools.reaction.ReactionChoices (class must be instantiated by Interceptor)
2025-12-15T19:42:28.775+01:00  INFO 324494 --- [Historique_oeuvres] [main] o.h.e.t.j.p.i.JtaPlatformInitiator       : HHH000489: No JTA platform available (set 'hibernate.transaction.jta.platform' to enable JTA platform integration)
2025-12-15T19:42:28.848+01:00  INFO 324494 --- [Historique_oeuvres] [main] j.LocalContainerEntityManagerFactoryBean : Initialized JPA EntityManagerFactory for persistence unit 'default'
2025-12-15T19:42:29.169+01:00  INFO 324494 --- [Historique_oeuvres] [main] o.s.d.j.r.query.QueryEnhancerFactory     : Hibernate is in classpath; If applicable, HQL parser will be used.
2025-12-15T19:42:29.743+01:00  WARN 324494 --- [Historique_oeuvres] [main] JpaBaseConfiguration$JpaWebConfiguration : spring.jpa.open-in-view is enabled by default. Therefore, database queries may be performed during view rendering. Explicitly configure spring.jpa.open-in-view to disable this warning
2025-12-15T19:42:29.760+01:00  WARN 324494 --- [Historique_oeuvres] [main] r$InitializeUserDetailsManagerConfigurer : Found 2 UserDetailsService beans, with names [myUserDetailsService, userDetailsService]. Global Authentication Manager will not use a UserDetailsService for username/password login. Consider publishing a single UserDetailsService bean.
2025-12-15T19:42:30.649+01:00  INFO 324494 --- [Historique_oeuvres] [main] o.s.b.a.h2.H2ConsoleAutoConfiguration    : H2 console available at '/h2-console'. Database available at 'jdbc:h2:tcp://localhost/~/historyDB'
2025-12-15T19:42:30.726+01:00  INFO 324494 --- [Historique_oeuvres] [main] o.s.b.t.m.w.SpringBootMockServletContext : Initializing Spring TestDispatcherServlet ''
2025-12-15T19:42:30.727+01:00  INFO 324494 --- [Historique_oeuvres] [main] o.s.t.web.servlet.TestDispatcherServlet  : Initializing Servlet ''
2025-12-15T19:42:30.728+01:00  INFO 324494 --- [Historique_oeuvres] [main] o.s.t.web.servlet.TestDispatcherServlet  : Completed initialization in 1 ms
2025-12-15T19:42:30.761+01:00  INFO 324494 --- [Historique_oeuvres] [main] c.h.c.movie.MovieControllerTest          : Started MovieControllerTest in 7.302 seconds (process running for 8.358)
2025-12-15T19:42:35.424+01:00  INFO 324494 --- [Historique_oeuvres] [SpringApplicationShutdownHook] j.LocalContainerEntityManagerFactoryBean : Closing JPA EntityManagerFactory for persistence unit 'default'
2025-12-15T19:42:35.431+01:00  INFO 324494 --- [Historique_oeuvres] [SpringApplicationShutdownHook] com.zaxxer.hikari.HikariDataSource       : HikariPool-1 - Shutdown initiated...
2025-12-15T19:42:35.436+01:00  INFO 324494 --- [Historique_oeuvres] [SpringApplicationShutdownHook] com.zaxxer.hikari.HikariDataSource       : HikariPool-1 - Shutdown completed.
2025-12-15T19:46:09.299+01:00  INFO 327323 --- [Historique_oeuvres] [main] c.h.c.movie.MovieControllerTest          : Starting MovieControllerTest using Java 21.0.4 with PID 327323 (started by nathanb in /home/nathanb/Bureau/Bureau/Bureau/Perso/projets_développement_informatique/Historique_oeuvres)
2025-12-15T19:46:09.314+01:00  INFO 327323 --- [Historique_oeuvres] [main] c.h.c.movie.MovieControllerTest          : No active profile set, falling back to 1 default profile: "default"
2025-12-15T19:46:12.916+01:00  INFO 327323 --- [Historique_oeuvres] [main] .s.d.r.c.RepositoryConfigurationDelegate : Bootstrapping Spring Data JPA repositories in DEFAULT mode.
2025-12-15T19:46:13.751+01:00  INFO 327323 --- [Historique_oeuvres] [main] .s.d.r.c.RepositoryConfigurationDelegate : Finished Spring Data repository scanning in 827 ms. Found 8 JPA repository interfaces.
2025-12-15T19:46:14.769+01:00  INFO 327323 --- [Historique_oeuvres] [main] o.hibernate.jpa.internal.util.LogHelper  : HHH000204: Processing PersistenceUnitInfo [name: default]
2025-12-15T19:46:14.837+01:00  INFO 327323 --- [Historique_oeuvres] [main] org.hibernate.Version                    : HHH000412: Hibernate ORM core version 6.5.2.Final
2025-12-15T19:46:14.866+01:00  INFO 327323 --- [Historique_oeuvres] [main] o.h.c.internal.RegionFactoryInitiator    : HHH000026: Second-level cache disabled
2025-12-15T19:46:15.151+01:00  INFO 327323 --- [Historique_oeuvres] [main] o.s.o.j.p.SpringPersistenceUnitInfo      : No LoadTimeWeaver setup: ignoring JPA class transformer
2025-12-15T19:46:15.176+01:00  INFO 327323 --- [Historique_oeuvres] [main] com.zaxxer.hikari.HikariDataSource       : HikariPool-1 - Starting...
2025-12-15T19:46:15.368+01:00  INFO 327323 --- [Historique_oeuvres] [main] com.zaxxer.hikari.pool.HikariPool        : HikariPool-1 - Added connection conn0: url=jdbc:h2:tcp://localhost/~/historyDB user=SA
2025-12-15T19:46:15.369+01:00  INFO 327323 --- [Historique_oeuvres] [main] com.zaxxer.hikari.HikariDataSource       : HikariPool-1 - Start completed.
2025-12-15T19:46:17.181+01:00  INFO 327323 --- [Historique_oeuvres] [main] o.h.m.internal.PojoInstantiatorImpl      : HHH000182: No default (no-argument) constructor for class: nate.company.history_work.siteTools.reaction.ReactionChoices (class must be instantiated by Interceptor)
2025-12-15T19:46:17.188+01:00  INFO 327323 --- [Historique_oeuvres] [main] o.h.m.internal.PojoInstantiatorImpl      : HHH000182: No default (no-argument) constructor for class: nate.company.history_work.siteTools.reaction.ReactionChoices (class must be instantiated by Interceptor)
2025-12-15T19:46:17.430+01:00  INFO 327323 --- [Historique_oeuvres] [main] o.h.e.t.j.p.i.JtaPlatformInitiator       : HHH000489: No JTA platform available (set 'hibernate.transaction.jta.platform' to enable JTA platform integration)
2025-12-15T19:46:17.515+01:00  INFO 327323 --- [Historique_oeuvres] [main] j.LocalContainerEntityManagerFactoryBean : Initialized JPA EntityManagerFactory for persistence unit 'default'
2025-12-15T19:46:17.901+01:00  INFO 327323 --- [Historique_oeuvres] [main] o.s.d.j.r.query.QueryEnhancerFactory     : Hibernate is in classpath; If applicable, HQL parser will be used.
2025-12-15T19:46:18.601+01:00  WARN 327323 --- [Historique_oeuvres] [main] JpaBaseConfiguration$JpaWebConfiguration : spring.jpa.open-in-view is enabled by default. Therefore, database queries may be performed during view rendering. Explicitly configure spring.jpa.open-in-view to disable this warning
2025-12-15T19:46:18.625+01:00  WARN 327323 --- [Historique_oeuvres] [main] r$InitializeUserDetailsManagerConfigurer : Found 2 UserDetailsService beans, with names [myUserDetailsService, userDetailsService]. Global Authentication Manager will not use a UserDetailsService for username/password login. Consider publishing a single UserDetailsService bean.
2025-12-15T19:46:19.915+01:00  INFO 327323 --- [Historique_oeuvres] [main] o.s.b.a.h2.H2ConsoleAutoConfiguration    : H2 console available at '/h2-console'. Database available at 'jdbc:h2:tcp://localhost/~/historyDB'
2025-12-15T19:46:20.021+01:00  INFO 327323 --- [Historique_oeuvres] [main] o.s.b.t.m.w.SpringBootMockServletContext : Initializing Spring TestDispatcherServlet ''
2025-12-15T19:46:20.021+01:00  INFO 327323 --- [Historique_oeuvres] [main] o.s.t.web.servlet.TestDispatcherServlet  : Initializing Servlet ''
2025-12-15T19:46:20.023+01:00  INFO 327323 --- [Historique_oeuvres] [main] o.s.t.web.servlet.TestDispatcherServlet  : Completed initialization in 2 ms
2025-12-15T19:46:20.055+01:00  INFO 327323 --- [Historique_oeuvres] [main] c.h.c.movie.MovieControllerTest          : Started MovieControllerTest in 11.761 seconds (process running for 13.579)
2025-12-15T19:46:25.942+01:00  INFO 327323 --- [Historique_oeuvres] [SpringApplicationShutdownHook] j.LocalContainerEntityManagerFactoryBean : Closing JPA EntityManagerFactory for persistence unit 'default'
2025-12-15T19:46:25.986+01:00  INFO 327323 --- [Historique_oeuvres] [SpringApplicationShutdownHook] com.zaxxer.hikari.HikariDataSource       : HikariPool-1 - Shutdown initiated...
2025-12-15T19:46:26.005+01:00  INFO 327323 --- [Historique_oeuvres] [SpringApplicationShutdownHook] com.zaxxer.hikari.HikariDataSource       : HikariPool-1 - Shutdown completed.
2025-12-15T19:49:54.840+01:00  INFO 330046 --- [Historique_oeuvres] [main] c.h.c.movie.MovieControllerTest          : Starting MovieControllerTest using Java 21.0.4 with PID 330046 (started by nathanb in /home/nathanb/Bureau/Bureau/Bureau/Perso/projets_développement_informatique/Historique_oeuvres)
2025-12-15T19:49:54.843+01:00  INFO 330046 --- [Historique_oeuvres] [main] c.h.c.movie.MovieControllerTest          : No active profile set, falling back to 1 default profile: "default"
2025-12-15T19:49:57.764+01:00  INFO 330046 --- [Historique_oeuvres] [main] .s.d.r.c.RepositoryConfigurationDelegate : Bootstrapping Spring Data JPA repositories in DEFAULT mode.
2025-12-15T19:49:58.513+01:00  INFO 330046 --- [Historique_oeuvres] [main] .s.d.r.c.RepositoryConfigurationDelegate : Finished Spring Data repository scanning in 742 ms. Found 8 JPA repository interfaces.
2025-12-15T19:49:59.955+01:00  INFO 330046 --- [Historique_oeuvres] [main] o.hibernate.jpa.internal.util.LogHelper  : HHH000204: Processing PersistenceUnitInfo [name: default]
2025-12-15T19:50:00.155+01:00  INFO 330046 --- [Historique_oeuvres] [main] org.hibernate.Version                    : HHH000412: Hibernate ORM core version 6.5.2.Final
2025-12-15T19:50:00.228+01:00  INFO 330046 --- [Historique_oeuvres] [main] o.h.c.internal.RegionFactoryInitiator    : HHH000026: Second-level cache disabled
2025-12-15T19:50:00.802+01:00  INFO 330046 --- [Historique_oeuvres] [main] o.s.o.j.p.SpringPersistenceUnitInfo      : No LoadTimeWeaver setup: ignoring JPA class transformer
2025-12-15T19:50:00.838+01:00  INFO 330046 --- [Historique_oeuvres] [main] com.zaxxer.hikari.HikariDataSource       : HikariPool-1 - Starting...
2025-12-15T19:50:01.484+01:00  INFO 330046 --- [Historique_oeuvres] [main] com.zaxxer.hikari.pool.HikariPool        : HikariPool-1 - Added connection conn0: url=jdbc:h2:tcp://localhost/~/historyDB user=SA
2025-12-15T19:50:01.488+01:00  INFO 330046 --- [Historique_oeuvres] [main] com.zaxxer.hikari.HikariDataSource       : HikariPool-1 - Start completed.
2025-12-15T19:50:03.309+01:00  INFO 330046 --- [Historique_oeuvres] [main] o.h.m.internal.PojoInstantiatorImpl      : HHH000182: No default (no-argument) constructor for class: nate.company.history_work.siteTools.reaction.ReactionChoices (class must be instantiated by Interceptor)
2025-12-15T19:50:03.327+01:00  INFO 330046 --- [Historique_oeuvres] [main] o.h.m.internal.PojoInstantiatorImpl      : HHH000182: No default (no-argument) constructor for class: nate.company.history_work.siteTools.reaction.ReactionChoices (class must be instantiated by Interceptor)
2025-12-15T19:50:03.797+01:00  INFO 330046 --- [Historique_oeuvres] [main] o.h.e.t.j.p.i.JtaPlatformInitiator       : HHH000489: No JTA platform available (set 'hibernate.transaction.jta.platform' to enable JTA platform integration)
2025-12-15T19:50:04.308+01:00  INFO 330046 --- [Historique_oeuvres] [main] j.LocalContainerEntityManagerFactoryBean : Initialized JPA EntityManagerFactory for persistence unit 'default'
2025-12-15T19:50:05.059+01:00  INFO 330046 --- [Historique_oeuvres] [main] o.s.d.j.r.query.QueryEnhancerFactory     : Hibernate is in classpath; If applicable, HQL parser will be used.
2025-12-15T19:50:05.693+01:00  WARN 330046 --- [Historique_oeuvres] [main] JpaBaseConfiguration$JpaWebConfiguration : spring.jpa.open-in-view is enabled by default. Therefore, database queries may be performed during view rendering. Explicitly configure spring.jpa.open-in-view to disable this warning
2025-12-15T19:50:05.710+01:00  WARN 330046 --- [Historique_oeuvres] [main] r$InitializeUserDetailsManagerConfigurer : Found 2 UserDetailsService beans, with names [myUserDetailsService, userDetailsService]. Global Authentication Manager will not use a UserDetailsService for username/password login. Consider publishing a single UserDetailsService bean.
2025-12-15T19:50:08.523+01:00  INFO 330046 --- [Historique_oeuvres] [main] o.s.b.a.h2.H2ConsoleAutoConfiguration    : H2 console available at '/h2-console'. Database available at 'jdbc:h2:tcp://localhost/~/historyDB'
2025-12-15T19:50:08.647+01:00  INFO 330046 --- [Historique_oeuvres] [main] o.s.b.t.m.w.SpringBootMockServletContext : Initializing Spring TestDispatcherServlet ''
2025-12-15T19:50:08.648+01:00  INFO 330046 --- [Historique_oeuvres] [main] o.s.t.web.servlet.TestDispatcherServlet  : Initializing Servlet ''
2025-12-15T19:50:08.654+01:00  INFO 330046 --- [Historique_oeuvres] [main] o.s.t.web.servlet.TestDispatcherServlet  : Completed initialization in 5 ms
2025-12-15T19:50:08.786+01:00  INFO 330046 --- [Historique_oeuvres] [main] c.h.c.movie.MovieControllerTest          : Started MovieControllerTest in 14.179 seconds (process running for 15.823)
2025-12-15T19:50:14.377+01:00  INFO 330046 --- [Historique_oeuvres] [SpringApplicationShutdownHook] j.LocalContainerEntityManagerFactoryBean : Closing JPA EntityManagerFactory for persistence unit 'default'
2025-12-15T19:50:14.389+01:00  INFO 330046 --- [Historique_oeuvres] [SpringApplicationShutdownHook] com.zaxxer.hikari.HikariDataSource       : HikariPool-1 - Shutdown initiated...
2025-12-15T19:50:14.406+01:00  INFO 330046 --- [Historique_oeuvres] [SpringApplicationShutdownHook] com.zaxxer.hikari.HikariDataSource       : HikariPool-1 - Shutdown completed.
2025-12-15T19:50:38.224+01:00  INFO 330712 --- [Historique_oeuvres] [main] c.h.c.movie.MovieControllerTest          : Starting MovieControllerTest using Java 21.0.4 with PID 330712 (started by nathanb in /home/nathanb/Bureau/Bureau/Bureau/Perso/projets_développement_informatique/Historique_oeuvres)
2025-12-15T19:50:38.229+01:00  INFO 330712 --- [Historique_oeuvres] [main] c.h.c.movie.MovieControllerTest          : No active profile set, falling back to 1 default profile: "default"
2025-12-15T19:50:41.173+01:00  INFO 330712 --- [Historique_oeuvres] [main] .s.d.r.c.RepositoryConfigurationDelegate : Bootstrapping Spring Data JPA repositories in DEFAULT mode.
2025-12-15T19:50:41.983+01:00  INFO 330712 --- [Historique_oeuvres] [main] .s.d.r.c.RepositoryConfigurationDelegate : Finished Spring Data repository scanning in 800 ms. Found 8 JPA repository interfaces.
2025-12-15T19:50:43.204+01:00  INFO 330712 --- [Historique_oeuvres] [main] o.hibernate.jpa.internal.util.LogHelper  : HHH000204: Processing PersistenceUnitInfo [name: default]
2025-12-15T19:50:43.328+01:00  INFO 330712 --- [Historique_oeuvres] [main] org.hibernate.Version                    : HHH000412: Hibernate ORM core version 6.5.2.Final
2025-12-15T19:50:43.426+01:00  INFO 330712 --- [Historique_oeuvres] [main] o.h.c.internal.RegionFactoryInitiator    : HHH000026: Second-level cache disabled
2025-12-15T19:50:44.223+01:00  INFO 330712 --- [Historique_oeuvres] [main] o.s.o.j.p.SpringPersistenceUnitInfo      : No LoadTimeWeaver setup: ignoring JPA class transformer
2025-12-15T19:50:44.353+01:00  INFO 330712 --- [Historique_oeuvres] [main] com.zaxxer.hikari.HikariDataSource       : HikariPool-1 - Starting...
2025-12-15T19:50:44.454+01:00  INFO 330712 --- [Historique_oeuvres] [main] com.zaxxer.hikari.pool.HikariPool        : HikariPool-1 - Added connection conn0: url=jdbc:h2:tcp://localhost/~/historyDB user=SA
2025-12-15T19:50:44.456+01:00  INFO 330712 --- [Historique_oeuvres] [main] com.zaxxer.hikari.HikariDataSource       : HikariPool-1 - Start completed.
2025-12-15T19:50:45.737+01:00  INFO 330712 --- [Historique_oeuvres] [main] o.h.m.internal.PojoInstantiatorImpl      : HHH000182: No default (no-argument) constructor for class: nate.company.history_work.siteTools.reaction.ReactionChoices (class must be instantiated by Interceptor)
2025-12-15T19:50:45.742+01:00  INFO 330712 --- [Historique_oeuvres] [main] o.h.m.internal.PojoInstantiatorImpl      : HHH000182: No default (no-argument) constructor for class: nate.company.history_work.siteTools.reaction.ReactionChoices (class must be instantiated by Interceptor)
2025-12-15T19:50:45.897+01:00  INFO 330712 --- [Historique_oeuvres] [main] o.h.e.t.j.p.i.JtaPlatformInitiator       : HHH000489: No JTA platform available (set 'hibernate.transaction.jta.platform' to enable JTA platform integration)
2025-12-15T19:50:45.976+01:00  INFO 330712 --- [Historique_oeuvres] [main] j.LocalContainerEntityManagerFactoryBean : Initialized JPA EntityManagerFactory for persistence unit 'default'
2025-12-15T19:50:46.277+01:00  INFO 330712 --- [Historique_oeuvres] [main] o.s.d.j.r.query.QueryEnhancerFactory     : Hibernate is in classpath; If applicable, HQL parser will be used.
2025-12-15T19:50:47.147+01:00  WARN 330712 --- [Historique_oeuvres] [main] JpaBaseConfiguration$JpaWebConfiguration : spring.jpa.open-in-view is enabled by default. Therefore, database queries may be performed during view rendering. Explicitly configure spring.jpa.open-in-view to disable this warning
2025-12-15T19:50:47.171+01:00  WARN 330712 --- [Historique_oeuvres] [main] r$InitializeUserDetailsManagerConfigurer : Found 2 UserDetailsService beans, with names [myUserDetailsService, userDetailsService]. Global Authentication Manager will not use a UserDetailsService for username/password login. Consider publishing a single UserDetailsService bean.
2025-12-15T19:50:48.439+01:00  INFO 330712 --- [Historique_oeuvres] [main] o.s.b.a.h2.H2ConsoleAutoConfiguration    : H2 console available at '/h2-console'. Database available at 'jdbc:h2:tcp://localhost/~/historyDB'
2025-12-15T19:50:48.521+01:00  INFO 330712 --- [Historique_oeuvres] [main] o.s.b.t.m.w.SpringBootMockServletContext : Initializing Spring TestDispatcherServlet ''
2025-12-15T19:50:48.522+01:00  INFO 330712 --- [Historique_oeuvres] [main] o.s.t.web.servlet.TestDispatcherServlet  : Initializing Servlet ''
2025-12-15T19:50:48.523+01:00  INFO 330712 --- [Historique_oeuvres] [main] o.s.t.web.servlet.TestDispatcherServlet  : Completed initialization in 1 ms
2025-12-15T19:50:48.553+01:00  INFO 330712 --- [Historique_oeuvres] [main] c.h.c.movie.MovieControllerTest          : Started MovieControllerTest in 10.759 seconds (process running for 11.727)
2025-12-15T19:50:53.358+01:00  INFO 330712 --- [Historique_oeuvres] [SpringApplicationShutdownHook] j.LocalContainerEntityManagerFactoryBean : Closing JPA EntityManagerFactory for persistence unit 'default'
2025-12-15T19:50:53.371+01:00  INFO 330712 --- [Historique_oeuvres] [SpringApplicationShutdownHook] com.zaxxer.hikari.HikariDataSource       : HikariPool-1 - Shutdown initiated...
2025-12-15T19:50:53.377+01:00  INFO 330712 --- [Historique_oeuvres] [SpringApplicationShutdownHook] com.zaxxer.hikari.HikariDataSource       : HikariPool-1 - Shutdown completed.
2025-12-15T19:56:30.298+01:00  INFO 334731 --- [Historique_oeuvres] [main] c.h.c.movie.MovieControllerTest          : Starting MovieControllerTest using Java 21.0.4 with PID 334731 (started by nathanb in /home/nathanb/Bureau/Bureau/Bureau/Perso/projets_développement_informatique/Historique_oeuvres)
2025-12-15T19:56:30.306+01:00  INFO 334731 --- [Historique_oeuvres] [main] c.h.c.movie.MovieControllerTest          : No active profile set, falling back to 1 default profile: "default"
2025-12-15T19:56:33.482+01:00  INFO 334731 --- [Historique_oeuvres] [main] .s.d.r.c.RepositoryConfigurationDelegate : Bootstrapping Spring Data JPA repositories in DEFAULT mode.
2025-12-15T19:56:34.189+01:00  INFO 334731 --- [Historique_oeuvres] [main] .s.d.r.c.RepositoryConfigurationDelegate : Finished Spring Data repository scanning in 699 ms. Found 8 JPA repository interfaces.
2025-12-15T19:56:35.032+01:00  INFO 334731 --- [Historique_oeuvres] [main] o.hibernate.jpa.internal.util.LogHelper  : HHH000204: Processing PersistenceUnitInfo [name: default]
2025-12-15T19:56:35.081+01:00  INFO 334731 --- [Historique_oeuvres] [main] org.hibernate.Version                    : HHH000412: Hibernate ORM core version 6.5.2.Final
2025-12-15T19:56:35.105+01:00  INFO 334731 --- [Historique_oeuvres] [main] o.h.c.internal.RegionFactoryInitiator    : HHH000026: Second-level cache disabled
2025-12-15T19:56:35.352+01:00  INFO 334731 --- [Historique_oeuvres] [main] o.s.o.j.p.SpringPersistenceUnitInfo      : No LoadTimeWeaver setup: ignoring JPA class transformer
2025-12-15T19:56:35.372+01:00  INFO 334731 --- [Historique_oeuvres] [main] com.zaxxer.hikari.HikariDataSource       : HikariPool-1 - Starting...
2025-12-15T19:56:35.665+01:00  INFO 334731 --- [Historique_oeuvres] [main] com.zaxxer.hikari.pool.HikariPool        : HikariPool-1 - Added connection conn0: url=jdbc:h2:tcp://localhost/~/historyDB user=SA
2025-12-15T19:56:35.666+01:00  INFO 334731 --- [Historique_oeuvres] [main] com.zaxxer.hikari.HikariDataSource       : HikariPool-1 - Start completed.
2025-12-15T19:56:36.607+01:00  INFO 334731 --- [Historique_oeuvres] [main] o.h.m.internal.PojoInstantiatorImpl      : HHH000182: No default (no-argument) constructor for class: nate.company.history_work.siteTools.reaction.ReactionChoices (class must be instantiated by Interceptor)
2025-12-15T19:56:36.614+01:00  INFO 334731 --- [Historique_oeuvres] [main] o.h.m.internal.PojoInstantiatorImpl      : HHH000182: No default (no-argument) constructor for class: nate.company.history_work.siteTools.reaction.ReactionChoices (class must be instantiated by Interceptor)
2025-12-15T19:56:36.824+01:00  INFO 334731 --- [Historique_oeuvres] [main] o.h.e.t.j.p.i.JtaPlatformInitiator       : HHH000489: No JTA platform available (set 'hibernate.transaction.jta.platform' to enable JTA platform integration)
2025-12-15T19:56:36.921+01:00  INFO 334731 --- [Historique_oeuvres] [main] j.LocalContainerEntityManagerFactoryBean : Initialized JPA EntityManagerFactory for persistence unit 'default'
2025-12-15T19:56:37.340+01:00  INFO 334731 --- [Historique_oeuvres] [main] o.s.d.j.r.query.QueryEnhancerFactory     : Hibernate is in classpath; If applicable, HQL parser will be used.
2025-12-15T19:56:38.175+01:00  WARN 334731 --- [Historique_oeuvres] [main] JpaBaseConfiguration$JpaWebConfiguration : spring.jpa.open-in-view is enabled by default. Therefore, database queries may be performed during view rendering. Explicitly configure spring.jpa.open-in-view to disable this warning
2025-12-15T19:56:38.189+01:00  WARN 334731 --- [Historique_oeuvres] [main] r$InitializeUserDetailsManagerConfigurer : Found 2 UserDetailsService beans, with names [myUserDetailsService, userDetailsService]. Global Authentication Manager will not use a UserDetailsService for username/password login. Consider publishing a single UserDetailsService bean.
2025-12-15T19:56:39.130+01:00  INFO 334731 --- [Historique_oeuvres] [main] o.s.b.a.h2.H2ConsoleAutoConfiguration    : H2 console available at '/h2-console'. Database available at 'jdbc:h2:tcp://localhost/~/historyDB'
2025-12-15T19:56:39.210+01:00  INFO 334731 --- [Historique_oeuvres] [main] o.s.b.t.m.w.SpringBootMockServletContext : Initializing Spring TestDispatcherServlet ''
2025-12-15T19:56:39.211+01:00  INFO 334731 --- [Historique_oeuvres] [main] o.s.t.web.servlet.TestDispatcherServlet  : Initializing Servlet ''
2025-12-15T19:56:39.212+01:00  INFO 334731 --- [Historique_oeuvres] [main] o.s.t.web.servlet.TestDispatcherServlet  : Completed initialization in 1 ms
2025-12-15T19:56:39.246+01:00  INFO 334731 --- [Historique_oeuvres] [main] c.h.c.movie.MovieControllerTest          : Started MovieControllerTest in 9.28 seconds (process running for 10.444)
2025-12-15T19:56:43.825+01:00  INFO 334731 --- [Historique_oeuvres] [SpringApplicationShutdownHook] j.LocalContainerEntityManagerFactoryBean : Closing JPA EntityManagerFactory for persistence unit 'default'
2025-12-15T19:56:43.835+01:00  INFO 334731 --- [Historique_oeuvres] [SpringApplicationShutdownHook] com.zaxxer.hikari.HikariDataSource       : HikariPool-1 - Shutdown initiated...
2025-12-15T19:56:43.845+01:00  INFO 334731 --- [Historique_oeuvres] [SpringApplicationShutdownHook] com.zaxxer.hikari.HikariDataSource       : HikariPool-1 - Shutdown completed.
2025-12-15T20:02:35.766+01:00  INFO 339116 --- [Historique_oeuvres] [main] c.h.c.movie.MovieControllerTest          : Starting MovieControllerTest using Java 21.0.4 with PID 339116 (started by nathanb in /home/nathanb/Bureau/Bureau/Bureau/Perso/projets_développement_informatique/Historique_oeuvres)
2025-12-15T20:02:35.769+01:00  INFO 339116 --- [Historique_oeuvres] [main] c.h.c.movie.MovieControllerTest          : No active profile set, falling back to 1 default profile: "default"
2025-12-15T20:02:38.314+01:00  INFO 339116 --- [Historique_oeuvres] [main] .s.d.r.c.RepositoryConfigurationDelegate : Bootstrapping Spring Data JPA repositories in DEFAULT mode.
2025-12-15T20:02:39.084+01:00  INFO 339116 --- [Historique_oeuvres] [main] .s.d.r.c.RepositoryConfigurationDelegate : Finished Spring Data repository scanning in 755 ms. Found 8 JPA repository interfaces.
2025-12-15T20:02:39.971+01:00  INFO 339116 --- [Historique_oeuvres] [main] o.hibernate.jpa.internal.util.LogHelper  : HHH000204: Processing PersistenceUnitInfo [name: default]
2025-12-15T20:02:40.021+01:00  INFO 339116 --- [Historique_oeuvres] [main] org.hibernate.Version                    : HHH000412: Hibernate ORM core version 6.5.2.Final
2025-12-15T20:02:40.047+01:00  INFO 339116 --- [Historique_oeuvres] [main] o.h.c.internal.RegionFactoryInitiator    : HHH000026: Second-level cache disabled
2025-12-15T20:02:40.331+01:00  INFO 339116 --- [Historique_oeuvres] [main] o.s.o.j.p.SpringPersistenceUnitInfo      : No LoadTimeWeaver setup: ignoring JPA class transformer
2025-12-15T20:02:40.433+01:00  INFO 339116 --- [Historique_oeuvres] [main] com.zaxxer.hikari.HikariDataSource       : HikariPool-1 - Starting...
2025-12-15T20:02:40.807+01:00  INFO 339116 --- [Historique_oeuvres] [main] com.zaxxer.hikari.pool.HikariPool        : HikariPool-1 - Added connection conn0: url=jdbc:h2:tcp://localhost/~/historyDB user=SA
2025-12-15T20:02:40.808+01:00  INFO 339116 --- [Historique_oeuvres] [main] com.zaxxer.hikari.HikariDataSource       : HikariPool-1 - Start completed.
2025-12-15T20:02:41.946+01:00  INFO 339116 --- [Historique_oeuvres] [main] o.h.m.internal.PojoInstantiatorImpl      : HHH000182: No default (no-argument) constructor for class: nate.company.history_work.siteTools.reaction.ReactionChoices (class must be instantiated by Interceptor)
2025-12-15T20:02:41.952+01:00  INFO 339116 --- [Historique_oeuvres] [main] o.h.m.internal.PojoInstantiatorImpl      : HHH000182: No default (no-argument) constructor for class: nate.company.history_work.siteTools.reaction.ReactionChoices (class must be instantiated by Interceptor)
2025-12-15T20:02:42.099+01:00  INFO 339116 --- [Historique_oeuvres] [main] o.h.e.t.j.p.i.JtaPlatformInitiator       : HHH000489: No JTA platform available (set 'hibernate.transaction.jta.platform' to enable JTA platform integration)
2025-12-15T20:02:42.192+01:00  INFO 339116 --- [Historique_oeuvres] [main] j.LocalContainerEntityManagerFactoryBean : Initialized JPA EntityManagerFactory for persistence unit 'default'
2025-12-15T20:02:42.534+01:00  INFO 339116 --- [Historique_oeuvres] [main] o.s.d.j.r.query.QueryEnhancerFactory     : Hibernate is in classpath; If applicable, HQL parser will be used.
2025-12-15T20:02:43.185+01:00  WARN 339116 --- [Historique_oeuvres] [main] JpaBaseConfiguration$JpaWebConfiguration : spring.jpa.open-in-view is enabled by default. Therefore, database queries may be performed during view rendering. Explicitly configure spring.jpa.open-in-view to disable this warning
2025-12-15T20:02:43.200+01:00  WARN 339116 --- [Historique_oeuvres] [main] r$InitializeUserDetailsManagerConfigurer : Found 2 UserDetailsService beans, with names [myUserDetailsService, userDetailsService]. Global Authentication Manager will not use a UserDetailsService for username/password login. Consider publishing a single UserDetailsService bean.
2025-12-15T20:02:44.229+01:00  INFO 339116 --- [Historique_oeuvres] [main] o.s.b.a.h2.H2ConsoleAutoConfiguration    : H2 console available at '/h2-console'. Database available at 'jdbc:h2:tcp://localhost/~/historyDB'
2025-12-15T20:02:44.302+01:00  INFO 339116 --- [Historique_oeuvres] [main] o.s.b.t.m.w.SpringBootMockServletContext : Initializing Spring TestDispatcherServlet ''
2025-12-15T20:02:44.303+01:00  INFO 339116 --- [Historique_oeuvres] [main] o.s.t.web.servlet.TestDispatcherServlet  : Initializing Servlet ''
2025-12-15T20:02:44.304+01:00  INFO 339116 --- [Historique_oeuvres] [main] o.s.t.web.servlet.TestDispatcherServlet  : Completed initialization in 1 ms
2025-12-15T20:02:44.334+01:00  INFO 339116 --- [Historique_oeuvres] [main] c.h.c.movie.MovieControllerTest          : Started MovieControllerTest in 8.893 seconds (process running for 9.72)
2025-12-15T20:02:48.963+01:00  INFO 339116 --- [Historique_oeuvres] [SpringApplicationShutdownHook] j.LocalContainerEntityManagerFactoryBean : Closing JPA EntityManagerFactory for persistence unit 'default'
2025-12-15T20:02:48.971+01:00  INFO 339116 --- [Historique_oeuvres] [SpringApplicationShutdownHook] com.zaxxer.hikari.HikariDataSource       : HikariPool-1 - Shutdown initiated...
2025-12-15T20:02:48.978+01:00  INFO 339116 --- [Historique_oeuvres] [SpringApplicationShutdownHook] com.zaxxer.hikari.HikariDataSource       : HikariPool-1 - Shutdown completed.
2025-12-15T20:03:39.505+01:00  INFO 339954 --- [Historique_oeuvres] [main] c.h.c.movie.MovieControllerTest          : Starting MovieControllerTest using Java 21.0.4 with PID 339954 (started by nathanb in /home/nathanb/Bureau/Bureau/Bureau/Perso/projets_développement_informatique/Historique_oeuvres)
2025-12-15T20:03:39.507+01:00  INFO 339954 --- [Historique_oeuvres] [main] c.h.c.movie.MovieControllerTest          : No active profile set, falling back to 1 default profile: "default"
2025-12-15T20:03:40.869+01:00  INFO 339954 --- [Historique_oeuvres] [main] .s.d.r.c.RepositoryConfigurationDelegate : Bootstrapping Spring Data JPA repositories in DEFAULT mode.
2025-12-15T20:03:41.469+01:00  INFO 339954 --- [Historique_oeuvres] [main] .s.d.r.c.RepositoryConfigurationDelegate : Finished Spring Data repository scanning in 594 ms. Found 8 JPA repository interfaces.
2025-12-15T20:03:42.255+01:00  INFO 339954 --- [Historique_oeuvres] [main] o.hibernate.jpa.internal.util.LogHelper  : HHH000204: Processing PersistenceUnitInfo [name: default]
2025-12-15T20:03:42.298+01:00  INFO 339954 --- [Historique_oeuvres] [main] org.hibernate.Version                    : HHH000412: Hibernate ORM core version 6.5.2.Final
2025-12-15T20:03:42.322+01:00  INFO 339954 --- [Historique_oeuvres] [main] o.h.c.internal.RegionFactoryInitiator    : HHH000026: Second-level cache disabled
2025-12-15T20:03:42.604+01:00  INFO 339954 --- [Historique_oeuvres] [main] o.s.o.j.p.SpringPersistenceUnitInfo      : No LoadTimeWeaver setup: ignoring JPA class transformer
2025-12-15T20:03:42.629+01:00  INFO 339954 --- [Historique_oeuvres] [main] com.zaxxer.hikari.HikariDataSource       : HikariPool-1 - Starting...
2025-12-15T20:03:42.700+01:00  INFO 339954 --- [Historique_oeuvres] [main] com.zaxxer.hikari.pool.HikariPool        : HikariPool-1 - Added connection conn0: url=jdbc:h2:tcp://localhost/~/historyDB user=SA
2025-12-15T20:03:42.702+01:00  INFO 339954 --- [Historique_oeuvres] [main] com.zaxxer.hikari.HikariDataSource       : HikariPool-1 - Start completed.
2025-12-15T20:03:43.611+01:00  INFO 339954 --- [Historique_oeuvres] [main] o.h.m.internal.PojoInstantiatorImpl      : HHH000182: No default (no-argument) constructor for class: nate.company.history_work.siteTools.reaction.ReactionChoices (class must be instantiated by Interceptor)
2025-12-15T20:03:43.616+01:00  INFO 339954 --- [Historique_oeuvres] [main] o.h.m.internal.PojoInstantiatorImpl      : HHH000182: No default (no-argument) constructor for class: nate.company.history_work.siteTools.reaction.ReactionChoices (class must be instantiated by Interceptor)
2025-12-15T20:03:43.746+01:00  INFO 339954 --- [Historique_oeuvres] [main] o.h.e.t.j.p.i.JtaPlatformInitiator       : HHH000489: No JTA platform available (set 'hibernate.transaction.jta.platform' to enable JTA platform integration)
2025-12-15T20:03:43.878+01:00  INFO 339954 --- [Historique_oeuvres] [main] j.LocalContainerEntityManagerFactoryBean : Initialized JPA EntityManagerFactory for persistence unit 'default'
2025-12-15T20:03:44.263+01:00  INFO 339954 --- [Historique_oeuvres] [main] o.s.d.j.r.query.QueryEnhancerFactory     : Hibernate is in classpath; If applicable, HQL parser will be used.
2025-12-15T20:03:44.816+01:00  WARN 339954 --- [Historique_oeuvres] [main] JpaBaseConfiguration$JpaWebConfiguration : spring.jpa.open-in-view is enabled by default. Therefore, database queries may be performed during view rendering. Explicitly configure spring.jpa.open-in-view to disable this warning
2025-12-15T20:03:44.831+01:00  WARN 339954 --- [Historique_oeuvres] [main] r$InitializeUserDetailsManagerConfigurer : Found 2 UserDetailsService beans, with names [myUserDetailsService, userDetailsService]. Global Authentication Manager will not use a UserDetailsService for username/password login. Consider publishing a single UserDetailsService bean.
2025-12-15T20:03:45.770+01:00  INFO 339954 --- [Historique_oeuvres] [main] o.s.b.a.h2.H2ConsoleAutoConfiguration    : H2 console available at '/h2-console'. Database available at 'jdbc:h2:tcp://localhost/~/historyDB'
2025-12-15T20:03:45.844+01:00  INFO 339954 --- [Historique_oeuvres] [main] o.s.b.t.m.w.SpringBootMockServletContext : Initializing Spring TestDispatcherServlet ''
2025-12-15T20:03:45.844+01:00  INFO 339954 --- [Historique_oeuvres] [main] o.s.t.web.servlet.TestDispatcherServlet  : Initializing Servlet ''
2025-12-15T20:03:45.846+01:00  INFO 339954 --- [Historique_oeuvres] [main] o.s.t.web.servlet.TestDispatcherServlet  : Completed initialization in 2 ms
2025-12-15T20:03:45.875+01:00  INFO 339954 --- [Historique_oeuvres] [main] c.h.c.movie.MovieControllerTest          : Started MovieControllerTest in 6.644 seconds (process running for 7.435)
2025-12-15T20:03:50.481+01:00  INFO 339954 --- [Historique_oeuvres] [SpringApplicationShutdownHook] j.LocalContainerEntityManagerFactoryBean : Closing JPA EntityManagerFactory for persistence unit 'default'
2025-12-15T20:03:50.488+01:00  INFO 339954 --- [Historique_oeuvres] [SpringApplicationShutdownHook] com.zaxxer.hikari.HikariDataSource       : HikariPool-1 - Shutdown initiated...
2025-12-15T20:03:50.493+01:00  INFO 339954 --- [Historique_oeuvres] [SpringApplicationShutdownHook] com.zaxxer.hikari.HikariDataSource       : HikariPool-1 - Shutdown completed.
2025-12-15T20:05:31.738+01:00  INFO 341236 --- [Historique_oeuvres] [main] c.h.c.movie.MovieControllerTest          : Starting MovieControllerTest using Java 21.0.4 with PID 341236 (started by nathanb in /home/nathanb/Bureau/Bureau/Bureau/Perso/projets_développement_informatique/Historique_oeuvres)
2025-12-15T20:05:31.740+01:00  INFO 341236 --- [Historique_oeuvres] [main] c.h.c.movie.MovieControllerTest          : No active profile set, falling back to 1 default profile: "default"
2025-12-15T20:05:33.648+01:00  INFO 341236 --- [Historique_oeuvres] [main] .s.d.r.c.RepositoryConfigurationDelegate : Bootstrapping Spring Data JPA repositories in DEFAULT mode.
2025-12-15T20:05:34.392+01:00  INFO 341236 --- [Historique_oeuvres] [main] .s.d.r.c.RepositoryConfigurationDelegate : Finished Spring Data repository scanning in 736 ms. Found 8 JPA repository interfaces.
2025-12-15T20:05:35.194+01:00  INFO 341236 --- [Historique_oeuvres] [main] o.hibernate.jpa.internal.util.LogHelper  : HHH000204: Processing PersistenceUnitInfo [name: default]
2025-12-15T20:05:35.274+01:00  INFO 341236 --- [Historique_oeuvres] [main] org.hibernate.Version                    : HHH000412: Hibernate ORM core version 6.5.2.Final
2025-12-15T20:05:35.321+01:00  INFO 341236 --- [Historique_oeuvres] [main] o.h.c.internal.RegionFactoryInitiator    : HHH000026: Second-level cache disabled
2025-12-15T20:05:35.635+01:00  INFO 341236 --- [Historique_oeuvres] [main] o.s.o.j.p.SpringPersistenceUnitInfo      : No LoadTimeWeaver setup: ignoring JPA class transformer
2025-12-15T20:05:35.658+01:00  INFO 341236 --- [Historique_oeuvres] [main] com.zaxxer.hikari.HikariDataSource       : HikariPool-1 - Starting...
2025-12-15T20:05:35.737+01:00  INFO 341236 --- [Historique_oeuvres] [main] com.zaxxer.hikari.pool.HikariPool        : HikariPool-1 - Added connection conn0: url=jdbc:h2:tcp://localhost/~/historyDB user=SA
2025-12-15T20:05:35.739+01:00  INFO 341236 --- [Historique_oeuvres] [main] com.zaxxer.hikari.HikariDataSource       : HikariPool-1 - Start completed.
2025-12-15T20:05:36.706+01:00  INFO 341236 --- [Historique_oeuvres] [main] o.h.m.internal.PojoInstantiatorImpl      : HHH000182: No default (no-argument) constructor for class: nate.company.history_work.siteTools.reaction.ReactionChoices (class must be instantiated by Interceptor)
2025-12-15T20:05:36.711+01:00  INFO 341236 --- [Historique_oeuvres] [main] o.h.m.internal.PojoInstantiatorImpl      : HHH000182: No default (no-argument) constructor for class: nate.company.history_work.siteTools.reaction.ReactionChoices (class must be instantiated by Interceptor)
2025-12-15T20:05:36.893+01:00  INFO 341236 --- [Historique_oeuvres] [main] o.h.e.t.j.p.i.JtaPlatformInitiator       : HHH000489: No JTA platform available (set 'hibernate.transaction.jta.platform' to enable JTA platform integration)
2025-12-15T20:05:36.961+01:00  INFO 341236 --- [Historique_oeuvres] [main] j.LocalContainerEntityManagerFactoryBean : Initialized JPA EntityManagerFactory for persistence unit 'default'
2025-12-15T20:05:37.357+01:00  INFO 341236 --- [Historique_oeuvres] [main] o.s.d.j.r.query.QueryEnhancerFactory     : Hibernate is in classpath; If applicable, HQL parser will be used.
2025-12-15T20:05:37.927+01:00  WARN 341236 --- [Historique_oeuvres] [main] JpaBaseConfiguration$JpaWebConfiguration : spring.jpa.open-in-view is enabled by default. Therefore, database queries may be performed during view rendering. Explicitly configure spring.jpa.open-in-view to disable this warning
2025-12-15T20:05:37.946+01:00  WARN 341236 --- [Historique_oeuvres] [main] r$InitializeUserDetailsManagerConfigurer : Found 2 UserDetailsService beans, with names [myUserDetailsService, userDetailsService]. Global Authentication Manager will not use a UserDetailsService for username/password login. Consider publishing a single UserDetailsService bean.
2025-12-15T20:05:39.383+01:00  INFO 341236 --- [Historique_oeuvres] [main] o.s.b.a.h2.H2ConsoleAutoConfiguration    : H2 console available at '/h2-console'. Database available at 'jdbc:h2:tcp://localhost/~/historyDB'
2025-12-15T20:05:39.486+01:00  INFO 341236 --- [Historique_oeuvres] [main] o.s.b.t.m.w.SpringBootMockServletContext : Initializing Spring TestDispatcherServlet ''
2025-12-15T20:05:39.486+01:00  INFO 341236 --- [Historique_oeuvres] [main] o.s.t.web.servlet.TestDispatcherServlet  : Initializing Servlet ''
2025-12-15T20:05:39.488+01:00  INFO 341236 --- [Historique_oeuvres] [main] o.s.t.web.servlet.TestDispatcherServlet  : Completed initialization in 1 ms
2025-12-15T20:05:39.531+01:00  INFO 341236 --- [Historique_oeuvres] [main] c.h.c.movie.MovieControllerTest          : Started MovieControllerTest in 8.135 seconds (process running for 8.998)
2025-12-15T20:05:44.353+01:00  INFO 341236 --- [Historique_oeuvres] [SpringApplicationShutdownHook] j.LocalContainerEntityManagerFactoryBean : Closing JPA EntityManagerFactory for persistence unit 'default'
2025-12-15T20:05:44.360+01:00  INFO 341236 --- [Historique_oeuvres] [SpringApplicationShutdownHook] com.zaxxer.hikari.HikariDataSource       : HikariPool-1 - Shutdown initiated...
2025-12-15T20:05:44.367+01:00  INFO 341236 --- [Historique_oeuvres] [SpringApplicationShutdownHook] com.zaxxer.hikari.HikariDataSource       : HikariPool-1 - Shutdown completed.
2025-12-15T20:06:38.048+01:00  INFO 342125 --- [Historique_oeuvres] [main] c.h.c.movie.MovieControllerTest          : Starting MovieControllerTest using Java 21.0.4 with PID 342125 (started by nathanb in /home/nathanb/Bureau/Bureau/Bureau/Perso/projets_développement_informatique/Historique_oeuvres)
2025-12-15T20:06:38.053+01:00  INFO 342125 --- [Historique_oeuvres] [main] c.h.c.movie.MovieControllerTest          : No active profile set, falling back to 1 default profile: "default"
2025-12-15T20:06:39.888+01:00  INFO 342125 --- [Historique_oeuvres] [main] .s.d.r.c.RepositoryConfigurationDelegate : Bootstrapping Spring Data JPA repositories in DEFAULT mode.
2025-12-15T20:06:40.645+01:00  INFO 342125 --- [Historique_oeuvres] [main] .s.d.r.c.RepositoryConfigurationDelegate : Finished Spring Data repository scanning in 750 ms. Found 8 JPA repository interfaces.
2025-12-15T20:06:41.496+01:00  INFO 342125 --- [Historique_oeuvres] [main] o.hibernate.jpa.internal.util.LogHelper  : HHH000204: Processing PersistenceUnitInfo [name: default]
2025-12-15T20:06:41.540+01:00  INFO 342125 --- [Historique_oeuvres] [main] org.hibernate.Version                    : HHH000412: Hibernate ORM core version 6.5.2.Final
2025-12-15T20:06:41.564+01:00  INFO 342125 --- [Historique_oeuvres] [main] o.h.c.internal.RegionFactoryInitiator    : HHH000026: Second-level cache disabled
2025-12-15T20:06:41.828+01:00  INFO 342125 --- [Historique_oeuvres] [main] o.s.o.j.p.SpringPersistenceUnitInfo      : No LoadTimeWeaver setup: ignoring JPA class transformer
2025-12-15T20:06:41.849+01:00  INFO 342125 --- [Historique_oeuvres] [main] com.zaxxer.hikari.HikariDataSource       : HikariPool-1 - Starting...
2025-12-15T20:06:41.929+01:00  INFO 342125 --- [Historique_oeuvres] [main] com.zaxxer.hikari.pool.HikariPool        : HikariPool-1 - Added connection conn0: url=jdbc:h2:tcp://localhost/~/historyDB user=SA
2025-12-15T20:06:41.931+01:00  INFO 342125 --- [Historique_oeuvres] [main] com.zaxxer.hikari.HikariDataSource       : HikariPool-1 - Start completed.
2025-12-15T20:06:42.759+01:00  INFO 342125 --- [Historique_oeuvres] [main] o.h.m.internal.PojoInstantiatorImpl      : HHH000182: No default (no-argument) constructor for class: nate.company.history_work.siteTools.reaction.ReactionChoices (class must be instantiated by Interceptor)
2025-12-15T20:06:42.764+01:00  INFO 342125 --- [Historique_oeuvres] [main] o.h.m.internal.PojoInstantiatorImpl      : HHH000182: No default (no-argument) constructor for class: nate.company.history_work.siteTools.reaction.ReactionChoices (class must be instantiated by Interceptor)
2025-12-15T20:06:42.905+01:00  INFO 342125 --- [Historique_oeuvres] [main] o.h.e.t.j.p.i.JtaPlatformInitiator       : HHH000489: No JTA platform available (set 'hibernate.transaction.jta.platform' to enable JTA platform integration)
2025-12-15T20:06:42.953+01:00  INFO 342125 --- [Historique_oeuvres] [main] j.LocalContainerEntityManagerFactoryBean : Initialized JPA EntityManagerFactory for persistence unit 'default'
2025-12-15T20:06:43.264+01:00  INFO 342125 --- [Historique_oeuvres] [main] o.s.d.j.r.query.QueryEnhancerFactory     : Hibernate is in classpath; If applicable, HQL parser will be used.
2025-12-15T20:06:43.881+01:00  WARN 342125 --- [Historique_oeuvres] [main] JpaBaseConfiguration$JpaWebConfiguration : spring.jpa.open-in-view is enabled by default. Therefore, database queries may be performed during view rendering. Explicitly configure spring.jpa.open-in-view to disable this warning
2025-12-15T20:06:43.896+01:00  WARN 342125 --- [Historique_oeuvres] [main] r$InitializeUserDetailsManagerConfigurer : Found 2 UserDetailsService beans, with names [myUserDetailsService, userDetailsService]. Global Authentication Manager will not use a UserDetailsService for username/password login. Consider publishing a single UserDetailsService bean.
2025-12-15T20:06:44.807+01:00  INFO 342125 --- [Historique_oeuvres] [main] o.s.b.a.h2.H2ConsoleAutoConfiguration    : H2 console available at '/h2-console'. Database available at 'jdbc:h2:tcp://localhost/~/historyDB'
2025-12-15T20:06:44.880+01:00  INFO 342125 --- [Historique_oeuvres] [main] o.s.b.t.m.w.SpringBootMockServletContext : Initializing Spring TestDispatcherServlet ''
2025-12-15T20:06:44.881+01:00  INFO 342125 --- [Historique_oeuvres] [main] o.s.t.web.servlet.TestDispatcherServlet  : Initializing Servlet ''
2025-12-15T20:06:44.882+01:00  INFO 342125 --- [Historique_oeuvres] [main] o.s.t.web.servlet.TestDispatcherServlet  : Completed initialization in 1 ms
2025-12-15T20:06:44.911+01:00  INFO 342125 --- [Historique_oeuvres] [main] c.h.c.movie.MovieControllerTest          : Started MovieControllerTest in 7.213 seconds (process running for 8.008)
2025-12-15T20:06:49.568+01:00  INFO 342125 --- [Historique_oeuvres] [SpringApplicationShutdownHook] j.LocalContainerEntityManagerFactoryBean : Closing JPA EntityManagerFactory for persistence unit 'default'
2025-12-15T20:06:49.576+01:00  INFO 342125 --- [Historique_oeuvres] [SpringApplicationShutdownHook] com.zaxxer.hikari.HikariDataSource       : HikariPool-1 - Shutdown initiated...
2025-12-15T20:06:49.582+01:00  INFO 342125 --- [Historique_oeuvres] [SpringApplicationShutdownHook] com.zaxxer.hikari.HikariDataSource       : HikariPool-1 - Shutdown completed.
2025-12-15T20:08:23.437+01:00  INFO 343509 --- [Historique_oeuvres] [main] c.h.c.movie.MovieControllerTest          : Starting MovieControllerTest using Java 21.0.4 with PID 343509 (started by nathanb in /home/nathanb/Bureau/Bureau/Bureau/Perso/projets_développement_informatique/Historique_oeuvres)
2025-12-15T20:08:23.444+01:00  INFO 343509 --- [Historique_oeuvres] [main] c.h.c.movie.MovieControllerTest          : No active profile set, falling back to 1 default profile: "default"
2025-12-15T20:08:25.620+01:00  INFO 343509 --- [Historique_oeuvres] [main] .s.d.r.c.RepositoryConfigurationDelegate : Bootstrapping Spring Data JPA repositories in DEFAULT mode.
2025-12-15T20:08:26.460+01:00  INFO 343509 --- [Historique_oeuvres] [main] .s.d.r.c.RepositoryConfigurationDelegate : Finished Spring Data repository scanning in 834 ms. Found 8 JPA repository interfaces.
2025-12-15T20:08:27.327+01:00  INFO 343509 --- [Historique_oeuvres] [main] o.hibernate.jpa.internal.util.LogHelper  : HHH000204: Processing PersistenceUnitInfo [name: default]
2025-12-15T20:08:27.376+01:00  INFO 343509 --- [Historique_oeuvres] [main] org.hibernate.Version                    : HHH000412: Hibernate ORM core version 6.5.2.Final
2025-12-15T20:08:27.402+01:00  INFO 343509 --- [Historique_oeuvres] [main] o.h.c.internal.RegionFactoryInitiator    : HHH000026: Second-level cache disabled
2025-12-15T20:08:27.682+01:00  INFO 343509 --- [Historique_oeuvres] [main] o.s.o.j.p.SpringPersistenceUnitInfo      : No LoadTimeWeaver setup: ignoring JPA class transformer
2025-12-15T20:08:27.703+01:00  INFO 343509 --- [Historique_oeuvres] [main] com.zaxxer.hikari.HikariDataSource       : HikariPool-1 - Starting...
2025-12-15T20:08:27.786+01:00  INFO 343509 --- [Historique_oeuvres] [main] com.zaxxer.hikari.pool.HikariPool        : HikariPool-1 - Added connection conn0: url=jdbc:h2:tcp://localhost/~/historyDB user=SA
2025-12-15T20:08:27.787+01:00  INFO 343509 --- [Historique_oeuvres] [main] com.zaxxer.hikari.HikariDataSource       : HikariPool-1 - Start completed.
2025-12-15T20:08:28.651+01:00  INFO 343509 --- [Historique_oeuvres] [main] o.h.m.internal.PojoInstantiatorImpl      : HHH000182: No default (no-argument) constructor for class: nate.company.history_work.siteTools.reaction.ReactionChoices (class must be instantiated by Interceptor)
2025-12-15T20:08:28.656+01:00  INFO 343509 --- [Historique_oeuvres] [main] o.h.m.internal.PojoInstantiatorImpl      : HHH000182: No default (no-argument) constructor for class: nate.company.history_work.siteTools.reaction.ReactionChoices (class must be instantiated by Interceptor)
2025-12-15T20:08:28.813+01:00  INFO 343509 --- [Historique_oeuvres] [main] o.h.e.t.j.p.i.JtaPlatformInitiator       : HHH000489: No JTA platform available (set 'hibernate.transaction.jta.platform' to enable JTA platform integration)
2025-12-15T20:08:28.910+01:00  INFO 343509 --- [Historique_oeuvres] [main] j.LocalContainerEntityManagerFactoryBean : Initialized JPA EntityManagerFactory for persistence unit 'default'
2025-12-15T20:08:29.193+01:00  INFO 343509 --- [Historique_oeuvres] [main] o.s.d.j.r.query.QueryEnhancerFactory     : Hibernate is in classpath; If applicable, HQL parser will be used.
2025-12-15T20:08:29.792+01:00  WARN 343509 --- [Historique_oeuvres] [main] JpaBaseConfiguration$JpaWebConfiguration : spring.jpa.open-in-view is enabled by default. Therefore, database queries may be performed during view rendering. Explicitly configure spring.jpa.open-in-view to disable this warning
2025-12-15T20:08:29.808+01:00  WARN 343509 --- [Historique_oeuvres] [main] r$InitializeUserDetailsManagerConfigurer : Found 2 UserDetailsService beans, with names [myUserDetailsService, userDetailsService]. Global Authentication Manager will not use a UserDetailsService for username/password login. Consider publishing a single UserDetailsService bean.
2025-12-15T20:08:30.690+01:00  INFO 343509 --- [Historique_oeuvres] [main] o.s.b.a.h2.H2ConsoleAutoConfiguration    : H2 console available at '/h2-console'. Database available at 'jdbc:h2:tcp://localhost/~/historyDB'
2025-12-15T20:08:30.767+01:00  INFO 343509 --- [Historique_oeuvres] [main] o.s.b.t.m.w.SpringBootMockServletContext : Initializing Spring TestDispatcherServlet ''
2025-12-15T20:08:30.767+01:00  INFO 343509 --- [Historique_oeuvres] [main] o.s.t.web.servlet.TestDispatcherServlet  : Initializing Servlet ''
2025-12-15T20:08:30.769+01:00  INFO 343509 --- [Historique_oeuvres] [main] o.s.t.web.servlet.TestDispatcherServlet  : Completed initialization in 1 ms
2025-12-15T20:08:30.799+01:00  INFO 343509 --- [Historique_oeuvres] [main] c.h.c.movie.MovieControllerTest          : Started MovieControllerTest in 7.643 seconds (process running for 9.194)
2025-12-15T20:08:35.522+01:00  INFO 343509 --- [Historique_oeuvres] [SpringApplicationShutdownHook] j.LocalContainerEntityManagerFactoryBean : Closing JPA EntityManagerFactory for persistence unit 'default'
2025-12-15T20:08:35.529+01:00  INFO 343509 --- [Historique_oeuvres] [SpringApplicationShutdownHook] com.zaxxer.hikari.HikariDataSource       : HikariPool-1 - Shutdown initiated...
2025-12-15T20:08:35.535+01:00  INFO 343509 --- [Historique_oeuvres] [SpringApplicationShutdownHook] com.zaxxer.hikari.HikariDataSource       : HikariPool-1 - Shutdown completed.
2025-12-15T20:20:10.179+01:00  INFO 351710 --- [Historique_oeuvres] [main] c.h.c.movie.MovieControllerTest          : Starting MovieControllerTest using Java 21.0.4 with PID 351710 (started by nathanb in /home/nathanb/Bureau/Bureau/Bureau/Perso/projets_développement_informatique/Historique_oeuvres)
2025-12-15T20:20:10.188+01:00  INFO 351710 --- [Historique_oeuvres] [main] c.h.c.movie.MovieControllerTest          : No active profile set, falling back to 1 default profile: "default"
2025-12-15T20:20:12.279+01:00  INFO 351710 --- [Historique_oeuvres] [main] .s.d.r.c.RepositoryConfigurationDelegate : Bootstrapping Spring Data JPA repositories in DEFAULT mode.
2025-12-15T20:20:13.098+01:00  INFO 351710 --- [Historique_oeuvres] [main] .s.d.r.c.RepositoryConfigurationDelegate : Finished Spring Data repository scanning in 809 ms. Found 8 JPA repository interfaces.
2025-12-15T20:20:14.535+01:00  INFO 351710 --- [Historique_oeuvres] [main] o.hibernate.jpa.internal.util.LogHelper  : HHH000204: Processing PersistenceUnitInfo [name: default]
2025-12-15T20:20:14.585+01:00  INFO 351710 --- [Historique_oeuvres] [main] org.hibernate.Version                    : HHH000412: Hibernate ORM core version 6.5.2.Final
2025-12-15T20:20:14.613+01:00  INFO 351710 --- [Historique_oeuvres] [main] o.h.c.internal.RegionFactoryInitiator    : HHH000026: Second-level cache disabled
2025-12-15T20:20:14.889+01:00  INFO 351710 --- [Historique_oeuvres] [main] o.s.o.j.p.SpringPersistenceUnitInfo      : No LoadTimeWeaver setup: ignoring JPA class transformer
2025-12-15T20:20:14.948+01:00  INFO 351710 --- [Historique_oeuvres] [main] com.zaxxer.hikari.HikariDataSource       : HikariPool-1 - Starting...
2025-12-15T20:20:15.428+01:00  INFO 351710 --- [Historique_oeuvres] [main] com.zaxxer.hikari.pool.HikariPool        : HikariPool-1 - Added connection conn0: url=jdbc:h2:tcp://localhost/~/historyDB user=SA
2025-12-15T20:20:15.430+01:00  INFO 351710 --- [Historique_oeuvres] [main] com.zaxxer.hikari.HikariDataSource       : HikariPool-1 - Start completed.
2025-12-15T20:20:16.547+01:00  INFO 351710 --- [Historique_oeuvres] [main] o.h.m.internal.PojoInstantiatorImpl      : HHH000182: No default (no-argument) constructor for class: nate.company.history_work.siteTools.reaction.ReactionChoices (class must be instantiated by Interceptor)
2025-12-15T20:20:16.552+01:00  INFO 351710 --- [Historique_oeuvres] [main] o.h.m.internal.PojoInstantiatorImpl      : HHH000182: No default (no-argument) constructor for class: nate.company.history_work.siteTools.reaction.ReactionChoices (class must be instantiated by Interceptor)
2025-12-15T20:20:16.717+01:00  INFO 351710 --- [Historique_oeuvres] [main] o.h.e.t.j.p.i.JtaPlatformInitiator       : HHH000489: No JTA platform available (set 'hibernate.transaction.jta.platform' to enable JTA platform integration)
2025-12-15T20:20:16.817+01:00  INFO 351710 --- [Historique_oeuvres] [main] j.LocalContainerEntityManagerFactoryBean : Initialized JPA EntityManagerFactory for persistence unit 'default'
2025-12-15T20:20:17.563+01:00  INFO 351710 --- [Historique_oeuvres] [main] o.s.d.j.r.query.QueryEnhancerFactory     : Hibernate is in classpath; If applicable, HQL parser will be used.
2025-12-15T20:20:18.394+01:00  WARN 351710 --- [Historique_oeuvres] [main] JpaBaseConfiguration$JpaWebConfiguration : spring.jpa.open-in-view is enabled by default. Therefore, database queries may be performed during view rendering. Explicitly configure spring.jpa.open-in-view to disable this warning
2025-12-15T20:20:18.413+01:00  WARN 351710 --- [Historique_oeuvres] [main] r$InitializeUserDetailsManagerConfigurer : Found 2 UserDetailsService beans, with names [myUserDetailsService, userDetailsService]. Global Authentication Manager will not use a UserDetailsService for username/password login. Consider publishing a single UserDetailsService bean.
2025-12-15T20:20:21.576+01:00  INFO 351710 --- [Historique_oeuvres] [main] o.s.b.a.h2.H2ConsoleAutoConfiguration    : H2 console available at '/h2-console'. Database available at 'jdbc:h2:tcp://localhost/~/historyDB'
2025-12-15T20:20:21.759+01:00  INFO 351710 --- [Historique_oeuvres] [main] o.s.b.t.m.w.SpringBootMockServletContext : Initializing Spring TestDispatcherServlet ''
2025-12-15T20:20:21.761+01:00  INFO 351710 --- [Historique_oeuvres] [main] o.s.t.web.servlet.TestDispatcherServlet  : Initializing Servlet ''
2025-12-15T20:20:21.764+01:00  INFO 351710 --- [Historique_oeuvres] [main] o.s.t.web.servlet.TestDispatcherServlet  : Completed initialization in 2 ms
2025-12-15T20:20:21.901+01:00  INFO 351710 --- [Historique_oeuvres] [main] c.h.c.movie.MovieControllerTest          : Started MovieControllerTest in 11.967 seconds (process running for 13.138)
2025-12-15T20:20:35.310+01:00  INFO 351710 --- [Historique_oeuvres] [main] java.lang.Class                          : l'actuel user connecté est : jeanPP
2025-12-15T20:20:35.317+01:00  INFO 351710 --- [Historique_oeuvres] [main] java.lang.Class                          : le user a bien été trouvé, on renvoie ses films trouvés en bdd
2025-12-15T20:20:35.331+01:00  INFO 351710 --- [Historique_oeuvres] [main] java.lang.Class                          : les films du user trouvés sont : []
2025-12-15T20:20:35.388+01:00  INFO 351710 --- [Historique_oeuvres] [SpringApplicationShutdownHook] j.LocalContainerEntityManagerFactoryBean : Closing JPA EntityManagerFactory for persistence unit 'default'
2025-12-15T20:20:35.409+01:00  INFO 351710 --- [Historique_oeuvres] [SpringApplicationShutdownHook] com.zaxxer.hikari.HikariDataSource       : HikariPool-1 - Shutdown initiated...
2025-12-15T20:20:35.419+01:00  INFO 351710 --- [Historique_oeuvres] [SpringApplicationShutdownHook] com.zaxxer.hikari.HikariDataSource       : HikariPool-1 - Shutdown completed.
